<?xml version="1.0" encoding="UTF-8"?>
<!-- Generated by org.testng.reporters.JUnitXMLReporter -->
<testsuite ignored="0" hostname="DESKTOP-CENS9GD" failures="0" tests="2" name="Error Validations Test" time="22.841" errors="0" timestamp="2025-03-16T19:08:39 IST">
  <testcase classname="rahulshettyacademy.tests.ErrorValidationsTest" name="LoginErrorValidation" time="1.069"/>
  <testcase classname="rahulshettyacademy.tests.ErrorValidationsTest" name="ProductErrorValidation" time="12.401"/>
</testsuite> <!-- Error Validations Test -->
