<?xml version="1.0" encoding="UTF-8"?>
<testng-results ignored="0" total="5" passed="5" failed="0" skipped="0">
  <reporter-output>
  </reporter-output>
  <suite started-at="2025-03-16T19:08:16 IST" name="Suite" finished-at="2025-03-16T19:08:39 IST" duration-ms="22841">
    <groups>
      <group name="ErrorHandling">
        <method signature="ErrorValidationsTest.LoginErrorValidation()[pri:0, instance:rahulshettyacademy.tests.ErrorValidationsTest@1c9b0314]" name="LoginErrorValidation" class="rahulshettyacademy.tests.ErrorValidationsTest"/>
      </group> <!-- ErrorHandling -->
      <group name="Purchase">
        <method signature="SubmitOrderTest.submitOrder(java.util.HashMap)[pri:0, instance:rahulshettyacademy.tests.SubmitOrderTest@2ab4bc72]" name="submitOrder" class="rahulshettyacademy.tests.SubmitOrderTest"/>
      </group> <!-- Purchase -->
    </groups>
    <test started-at="2025-03-16T19:08:16 IST" name="Submit Order Test" finished-at="2025-03-16T19:08:36 IST" duration-ms="19200">
      <class name="rahulshettyacademy.tests.SubmitOrderTest">
        <test-method is-config="true" signature="launchApplication()[pri:0, instance:rahulshettyacademy.tests.SubmitOrderTest@2ab4bc72]" started-at="2025-03-16T19:08:17 IST" name="launchApplication" finished-at="2025-03-16T19:08:22 IST" duration-ms="5731" status="PASS">
          <reporter-output>
          </reporter-output>
        </test-method> <!-- launchApplication -->
        <test-method signature="submitOrder(java.util.HashMap)[pri:0, instance:rahulshettyacademy.tests.SubmitOrderTest@2ab4bc72]" started-at="2025-03-16T19:08:22 IST" name="submitOrder" data-provider="getData" finished-at="2025-03-16T19:08:26 IST" duration-ms="3411" status="PASS">
          <params>
            <param index="0">
              <value>
                <![CDATA[{password=Sumit*@1344, email=sumitnegi2072002@gmail.com}]]>
              </value>
            </param>
          </params>
          <reporter-output>
          </reporter-output>
        </test-method> <!-- submitOrder -->
        <test-method is-config="true" signature="tearDown()[pri:0, instance:rahulshettyacademy.tests.SubmitOrderTest@2ab4bc72]" started-at="2025-03-16T19:08:26 IST" name="tearDown" finished-at="2025-03-16T19:08:26 IST" duration-ms="95" status="PASS">
          <reporter-output>
          </reporter-output>
        </test-method> <!-- tearDown -->
        <test-method is-config="true" signature="launchApplication()[pri:0, instance:rahulshettyacademy.tests.SubmitOrderTest@2ab4bc72]" started-at="2025-03-16T19:08:26 IST" name="launchApplication" finished-at="2025-03-16T19:08:29 IST" duration-ms="2791" status="PASS">
          <reporter-output>
          </reporter-output>
        </test-method> <!-- launchApplication -->
        <test-method signature="submitOrder(java.util.HashMap)[pri:0, instance:rahulshettyacademy.tests.SubmitOrderTest@2ab4bc72]" started-at="2025-03-16T19:08:29 IST" name="submitOrder" data-provider="getData" finished-at="2025-03-16T19:08:32 IST" duration-ms="3212" status="PASS">
          <params>
            <param index="0">
              <value>
                <![CDATA[{password=Sumit*@1344, email=random1344@gmail.com}]]>
              </value>
            </param>
          </params>
          <reporter-output>
          </reporter-output>
        </test-method> <!-- submitOrder -->
        <test-method is-config="true" signature="tearDown()[pri:0, instance:rahulshettyacademy.tests.SubmitOrderTest@2ab4bc72]" started-at="2025-03-16T19:08:32 IST" name="tearDown" finished-at="2025-03-16T19:08:32 IST" duration-ms="58" status="PASS">
          <reporter-output>
          </reporter-output>
        </test-method> <!-- tearDown -->
        <test-method is-config="true" signature="launchApplication()[pri:0, instance:rahulshettyacademy.tests.SubmitOrderTest@2ab4bc72]" started-at="2025-03-16T19:08:32 IST" name="launchApplication" finished-at="2025-03-16T19:08:35 IST" duration-ms="2801" status="PASS">
          <reporter-output>
          </reporter-output>
        </test-method> <!-- launchApplication -->
        <test-method signature="OrderHistoryTest()[pri:0, instance:rahulshettyacademy.tests.SubmitOrderTest@2ab4bc72]" started-at="2025-03-16T19:08:35 IST" name="OrderHistoryTest" finished-at="2025-03-16T19:08:35 IST" depends-on-methods="rahulshettyacademy.tests.SubmitOrderTest.submitOrder" duration-ms="787" status="PASS">
          <reporter-output>
          </reporter-output>
        </test-method> <!-- OrderHistoryTest -->
        <test-method is-config="true" signature="tearDown()[pri:0, instance:rahulshettyacademy.tests.SubmitOrderTest@2ab4bc72]" started-at="2025-03-16T19:08:35 IST" name="tearDown" finished-at="2025-03-16T19:08:36 IST" duration-ms="42" status="PASS">
          <reporter-output>
          </reporter-output>
        </test-method> <!-- tearDown -->
      </class> <!-- rahulshettyacademy.tests.SubmitOrderTest -->
    </test> <!-- Submit Order Test -->
    <test started-at="2025-03-16T19:08:16 IST" name="Error Validations Test" finished-at="2025-03-16T19:08:39 IST" duration-ms="22841">
      <class name="rahulshettyacademy.tests.ErrorValidationsTest">
        <test-method is-config="true" signature="launchApplication()[pri:0, instance:rahulshettyacademy.tests.ErrorValidationsTest@1c9b0314]" started-at="2025-03-16T19:08:16 IST" name="launchApplication" finished-at="2025-03-16T19:08:22 IST" duration-ms="6124" status="PASS">
          <reporter-output>
          </reporter-output>
        </test-method> <!-- launchApplication -->
        <test-method signature="LoginErrorValidation()[pri:0, instance:rahulshettyacademy.tests.ErrorValidationsTest@1c9b0314]" started-at="2025-03-16T19:08:22 IST" name="LoginErrorValidation" finished-at="2025-03-16T19:08:24 IST" duration-ms="1069" status="PASS">
          <reporter-output>
          </reporter-output>
        </test-method> <!-- LoginErrorValidation -->
        <test-method is-config="true" signature="tearDown()[pri:0, instance:rahulshettyacademy.tests.ErrorValidationsTest@1c9b0314]" started-at="2025-03-16T19:08:24 IST" name="tearDown" finished-at="2025-03-16T19:08:24 IST" duration-ms="124" status="PASS">
          <reporter-output>
          </reporter-output>
        </test-method> <!-- tearDown -->
        <test-method is-config="true" signature="launchApplication()[pri:0, instance:rahulshettyacademy.tests.ErrorValidationsTest@1c9b0314]" started-at="2025-03-16T19:08:24 IST" name="launchApplication" finished-at="2025-03-16T19:08:27 IST" duration-ms="2998" status="PASS">
          <reporter-output>
          </reporter-output>
        </test-method> <!-- launchApplication -->
        <test-method signature="ProductErrorValidation()[pri:0, instance:rahulshettyacademy.tests.ErrorValidationsTest@1c9b0314]" started-at="2025-03-16T19:08:27 IST" name="ProductErrorValidation" finished-at="2025-03-16T19:08:39 IST" duration-ms="12401" status="PASS">
          <reporter-output>
          </reporter-output>
        </test-method> <!-- ProductErrorValidation -->
        <test-method is-config="true" signature="tearDown()[pri:0, instance:rahulshettyacademy.tests.ErrorValidationsTest@1c9b0314]" started-at="2025-03-16T19:08:39 IST" name="tearDown" finished-at="2025-03-16T19:08:39 IST" duration-ms="87" status="PASS">
          <reporter-output>
          </reporter-output>
        </test-method> <!-- tearDown -->
      </class> <!-- rahulshettyacademy.tests.ErrorValidationsTest -->
    </test> <!-- Error Validations Test -->
  </suite> <!-- Suite -->
</testng-results>
